[2021-11-02 12:32:14,457: INFO: stage_01_prepare]: 
********************
[2021-11-02 12:32:14,457: INFO: stage_01_prepare]: >>>>> stage One started <<<<<
[2021-11-02 12:32:14,458: INFO: common]: yaml file: configs/config.yaml loaded successfully
[2021-11-02 12:32:14,459: INFO: common]: yaml file: params.yaml loaded successfully
[2021-11-02 12:32:14,459: INFO: stage_01_prepare]: >>>>> stage One completed! <<<<<

[2021-11-02 17:32:22,642: INFO: stage_01_prepare]: 
********************
[2021-11-02 17:32:22,642: INFO: stage_01_prepare]: >>>>> stage One started <<<<<
[2021-11-02 17:32:22,643: INFO: common]: yaml file: configs/config.yaml loaded successfully
[2021-11-02 17:32:22,647: ERROR: stage_01_prepare]: mapping values are not allowed here
  in "params.yaml", line 5, column 7
Traceback (most recent call last):
  File "src/stage_01_prepare.py", line 44, in <module>
    main(config_path=parsed_args.config, params_path=parsed_args.params)
  File "src/stage_01_prepare.py", line 21, in main
    params = read_yaml(params_path)
  File "c:\users\balay\pycharmprojects\dvc_nlp_simple_usecase\dvc_nlp_simple_usecase\src\utils\common.py", line 10, in read_yaml
    content = yaml.safe_load(yaml_file)
  File "C:\Users\balay\AppData\Local\Packages\PythonSoftwareFoundation.Python.3.8_qbz5n2kfra8p0\LocalCache\local-packages\Python38\site-packages\yaml\__init__.py", line 162, in safe_load
    return load(stream, SafeLoader)
  File "C:\Users\balay\AppData\Local\Packages\PythonSoftwareFoundation.Python.3.8_qbz5n2kfra8p0\LocalCache\local-packages\Python38\site-packages\yaml\__init__.py", line 114, in load
    return loader.get_single_data()
  File "C:\Users\balay\AppData\Local\Packages\PythonSoftwareFoundation.Python.3.8_qbz5n2kfra8p0\LocalCache\local-packages\Python38\site-packages\yaml\constructor.py", line 49, in get_single_data
    node = self.get_single_node()
  File "C:\Users\balay\AppData\Local\Packages\PythonSoftwareFoundation.Python.3.8_qbz5n2kfra8p0\LocalCache\local-packages\Python38\site-packages\yaml\composer.py", line 36, in get_single_node
    document = self.compose_document()
  File "C:\Users\balay\AppData\Local\Packages\PythonSoftwareFoundation.Python.3.8_qbz5n2kfra8p0\LocalCache\local-packages\Python38\site-packages\yaml\composer.py", line 55, in compose_document
    node = self.compose_node(None, None)
  File "C:\Users\balay\AppData\Local\Packages\PythonSoftwareFoundation.Python.3.8_qbz5n2kfra8p0\LocalCache\local-packages\Python38\site-packages\yaml\composer.py", line 84, in compose_node
    node = self.compose_mapping_node(anchor)
  File "C:\Users\balay\AppData\Local\Packages\PythonSoftwareFoundation.Python.3.8_qbz5n2kfra8p0\LocalCache\local-packages\Python38\site-packages\yaml\composer.py", line 127, in compose_mapping_node
    while not self.check_event(MappingEndEvent):
  File "C:\Users\balay\AppData\Local\Packages\PythonSoftwareFoundation.Python.3.8_qbz5n2kfra8p0\LocalCache\local-packages\Python38\site-packages\yaml\parser.py", line 98, in check_event
    self.current_event = self.state()
  File "C:\Users\balay\AppData\Local\Packages\PythonSoftwareFoundation.Python.3.8_qbz5n2kfra8p0\LocalCache\local-packages\Python38\site-packages\yaml\parser.py", line 428, in parse_block_mapping_key
    if self.check_token(KeyToken):
  File "C:\Users\balay\AppData\Local\Packages\PythonSoftwareFoundation.Python.3.8_qbz5n2kfra8p0\LocalCache\local-packages\Python38\site-packages\yaml\scanner.py", line 116, in check_token
    self.fetch_more_tokens()
  File "C:\Users\balay\AppData\Local\Packages\PythonSoftwareFoundation.Python.3.8_qbz5n2kfra8p0\LocalCache\local-packages\Python38\site-packages\yaml\scanner.py", line 223, in fetch_more_tokens
    return self.fetch_value()
  File "C:\Users\balay\AppData\Local\Packages\PythonSoftwareFoundation.Python.3.8_qbz5n2kfra8p0\LocalCache\local-packages\Python38\site-packages\yaml\scanner.py", line 577, in fetch_value
    raise ScannerError(None, None,
yaml.scanner.ScannerError: mapping values are not allowed here
  in "params.yaml", line 5, column 7
[2021-11-02 18:01:47,316: INFO: stage_01_prepare]: 
********************
[2021-11-02 18:01:47,316: INFO: stage_01_prepare]: >>>>> stage One started <<<<<
[2021-11-02 18:01:47,318: INFO: common]: yaml file: configs/config.yaml loaded successfully
[2021-11-02 18:01:47,319: INFO: common]: yaml file: params.yaml loaded successfully
[2021-11-02 18:01:47,319: INFO: common]: directory is created at artifacts\prepared
[2021-11-02 18:01:47,319: INFO: stage_01_prepare]: >>>>> stage One completed! <<<<<

[2021-11-02 20:00:52,937: INFO: stage_01_prepare]: 
********************
[2021-11-02 20:00:52,938: INFO: stage_01_prepare]: >>>>> stage One started <<<<<
[2021-11-02 20:00:52,940: INFO: common]: yaml file: configs/config.yaml loaded successfully
[2021-11-02 20:00:52,941: INFO: common]: yaml file: params.yaml loaded successfully
[2021-11-02 20:00:52,941: INFO: common]: directory is created at artifacts\prepared
[2021-11-02 20:00:56,118: INFO: stage_01_prepare]: >>>>> stage One completed! <<<<<

[2021-11-02 23:41:08,999: INFO: stage_01_prepare]: 
********************
[2021-11-02 23:41:08,999: INFO: stage_01_prepare]: >>>>> stage One started <<<<<
[2021-11-02 23:41:09,001: INFO: common]: yaml file: configs/config.yaml loaded successfully
[2021-11-02 23:41:09,001: INFO: common]: yaml file: params.yaml loaded successfully
[2021-11-02 23:41:09,001: INFO: common]: directory is created at artifacts\prepared
[2021-11-02 23:41:11,325: INFO: stage_01_prepare]: >>>>> stage One completed! <<<<<

[2021-11-03 06:40:24,282: INFO: stage_02_featurization]: 
********************
[2021-11-03 06:40:24,282: INFO: stage_02_featurization]: >>>>> stage Two started <<<<<
[2021-11-03 06:40:24,283: INFO: common]: yaml file: configs/config.yaml loaded successfully
[2021-11-03 06:40:24,284: INFO: common]: yaml file: params.yaml loaded successfully
[2021-11-03 06:40:24,285: INFO: common]: created directory at: artifacts\features
[2021-11-03 06:40:25,140: INFO: common]: The input data frame artifacts\prepared\train.tsv size is (19921, 3)

[2021-11-03 06:40:36,308: INFO: featurize]: The ouput matrix artifacts\features\train.pkl of size (19921, 2502) and data type: float64
[2021-11-03 06:40:36,633: INFO: common]: The input data frame artifacts\prepared\test.tsv size is (5079, 3)

[2021-11-03 06:40:37,843: INFO: featurize]: The ouput matrix artifacts\features\test.pkl of size (5079, 2502) and data type: float64
[2021-11-03 06:40:38,073: INFO: stage_02_featurization]: >>>>> stage Two completed!<<<<<

[2021-11-03 08:10:16,077: INFO: stage_01_prepare]: 
********************
[2021-11-03 08:10:16,077: INFO: stage_01_prepare]: >>>>> stage One started <<<<<
[2021-11-03 08:10:16,078: INFO: common]: yaml file: configs/config.yaml loaded successfully
[2021-11-03 08:10:16,079: INFO: common]: yaml file: params.yaml loaded successfully
[2021-11-03 08:10:16,079: INFO: common]: created directory at: artifacts\prepared
[2021-11-03 08:10:17,974: INFO: stage_01_prepare]: >>>>> stage One completed! <<<<<

[2021-11-03 08:10:20,885: INFO: stage_02_featurization]: 
********************
[2021-11-03 08:10:20,886: INFO: stage_02_featurization]: >>>>> stage Two started <<<<<
[2021-11-03 08:10:20,887: INFO: common]: yaml file: configs/config.yaml loaded successfully
[2021-11-03 08:10:20,888: INFO: common]: yaml file: params.yaml loaded successfully
[2021-11-03 08:10:20,888: INFO: common]: created directory at: artifacts\features
[2021-11-03 08:10:21,468: INFO: common]: The input data frame artifacts\prepared\train.tsv size is (17450, 3)

[2021-11-03 08:10:31,933: INFO: featurize]: The ouput matrix artifacts\features\train.pkl of size (17450, 2502) and data type: float64
[2021-11-03 08:10:32,319: INFO: common]: The input data frame artifacts\prepared\test.tsv size is (7550, 3)

[2021-11-03 08:10:34,097: INFO: featurize]: The ouput matrix artifacts\features\test.pkl of size (7550, 2502) and data type: float64
[2021-11-03 08:10:34,327: INFO: stage_02_featurization]: >>>>> stage Two completed!<<<<<

[2021-11-03 08:26:54,665: INFO: stage_03_train]: 
********************
[2021-11-03 08:26:54,665: INFO: stage_03_train]: >>>>> stage Three started <<<<<
[2021-11-03 08:26:54,667: INFO: common]: yaml file: configs/config.yaml loaded successfully
[2021-11-03 08:26:54,668: INFO: common]: yaml file: params.yaml loaded successfully
[2021-11-03 08:26:54,668: INFO: common]: created directory at: artifacts\model
[2021-11-03 08:26:54,683: INFO: stage_03_train]: input matrix size: (17450, 2502)
[2021-11-03 08:26:54,683: INFO: stage_03_train]: X matrix size: (17450, 2500)
[2021-11-03 08:26:54,683: INFO: stage_03_train]: Y matrix size or labels size: (17450,)
[2021-11-03 08:26:57,061: INFO: stage_03_train]: >>>>> stage Three completed!<<<<<

[2021-11-03 08:50:33,073: INFO: stage_03_train]: 
********************
[2021-11-03 08:50:33,073: INFO: stage_03_train]: >>>>> stage Three started <<<<<
[2021-11-03 08:50:33,074: INFO: common]: yaml file: configs/config.yaml loaded successfully
[2021-11-03 08:50:33,075: INFO: common]: yaml file: params.yaml loaded successfully
[2021-11-03 08:50:33,076: INFO: common]: created directory at: artifacts\model
[2021-11-03 08:50:33,094: INFO: stage_03_train]: input matrix size: (17450, 2502)
[2021-11-03 08:50:33,094: INFO: stage_03_train]: X matrix size: (17450, 2500)
[2021-11-03 08:50:33,094: INFO: stage_03_train]: Y matrix size or labels size: (17450,)
[2021-11-03 08:50:35,604: INFO: stage_03_train]: >>>>> stage Three completed!<<<<<

[2021-11-03 08:51:38,424: INFO: stage_03_train]: 
********************
[2021-11-03 08:51:38,425: INFO: stage_03_train]: >>>>> stage Three started <<<<<
[2021-11-03 08:51:38,426: INFO: common]: yaml file: configs/config.yaml loaded successfully
[2021-11-03 08:51:38,427: INFO: common]: yaml file: params.yaml loaded successfully
[2021-11-03 08:51:38,427: INFO: common]: created directory at: artifacts\model
[2021-11-03 08:51:38,441: INFO: stage_03_train]: input matrix size: (17450, 2502)
[2021-11-03 08:51:38,441: INFO: stage_03_train]: X matrix size: (17450, 2500)
[2021-11-03 08:51:38,441: INFO: stage_03_train]: Y matrix size or labels size: (17450,)
[2021-11-03 08:51:40,936: INFO: stage_03_train]: >>>>> stage Three completed!<<<<<

[2021-11-03 08:53:27,002: INFO: stage_03_train]: 
********************
[2021-11-03 08:53:27,002: INFO: stage_03_train]: >>>>> stage Three started <<<<<
[2021-11-03 08:53:27,004: INFO: common]: yaml file: configs/config.yaml loaded successfully
[2021-11-03 08:53:27,005: INFO: common]: yaml file: params.yaml loaded successfully
[2021-11-03 08:53:27,005: INFO: common]: created directory at: artifacts\model
[2021-11-03 08:53:27,019: INFO: stage_03_train]: input matrix size: (17450, 2502)
[2021-11-03 08:53:27,019: INFO: stage_03_train]: X matrix size: (17450, 2500)
[2021-11-03 08:53:27,019: INFO: stage_03_train]: Y matrix size or labels size: (17450,)
[2021-11-03 08:53:29,568: INFO: stage_03_train]: >>>>> stage Three completed!<<<<<

[2021-11-09 22:25:41,556: INFO: stage_04_evaluate]: 
********************
[2021-11-09 22:25:41,556: INFO: stage_04_evaluate]: >>>>> stage Four started <<<<<
[2021-11-09 22:25:41,557: INFO: common]: yaml file: configs/config.yaml loaded successfully
[2021-11-09 22:25:42,108: INFO: common]: json file saved at: scores.json
[2021-11-09 22:25:42,124: INFO: common]: json file saved at: prc.json
[2021-11-09 22:25:42,138: INFO: common]: json file saved at: roc.json
[2021-11-09 22:25:42,140: INFO: stage_04_evaluate]: >>>>> stage Four completed!<<<<<

